0 info it worked if it ends with ok
1 verbose cli [ '/usr/local/Cellar/node/5.3.0/bin/node',
1 verbose cli   '/usr/local/bin/npm',
1 verbose cli   'run',
1 verbose cli   'watch' ]
2 info using npm@3.3.12
3 info using node@v5.3.0
4 verbose run-script [ 'prewatch', 'watch', 'postwatch' ]
5 info lifecycle vanga@0.0.1~prewatch: vanga@0.0.1
6 silly lifecycle vanga@0.0.1~prewatch: no script for prewatch, continuing
7 info lifecycle vanga@0.0.1~watch: vanga@0.0.1
8 verbose lifecycle vanga@0.0.1~watch: unsafe-perm in lifecycle true
9 verbose lifecycle vanga@0.0.1~watch: PATH: /usr/local/lib/node_modules/npm/bin/node-gyp-bin:/Users/ikuznecov/projects/vanga/node_modules/.bin:/Users/ikuznecov/bin:/usr/local/bin:/usr/local/sbin:/Users/ikuznecov/projects/node_modules/.bin:/usr/local/bin:/usr/bin:/bin:/usr/sbin:/sbin
10 verbose lifecycle vanga@0.0.1~watch: CWD: /Users/ikuznecov/projects/vanga
11 silly lifecycle vanga@0.0.1~watch: Args: [ '-c',
11 silly lifecycle   'NODE_ENV=production babel base.es6.js --watch > base.js' ]
12 silly lifecycle vanga@0.0.1~watch: Returned: code: 2  signal: null
13 info lifecycle vanga@0.0.1~watch: Failed to exec watch script
14 verbose stack Error: vanga@0.0.1 watch: `NODE_ENV=production babel base.es6.js --watch > base.js`
14 verbose stack Exit status 2
14 verbose stack     at EventEmitter.<anonymous> (/usr/local/lib/node_modules/npm/lib/utils/lifecycle.js:232:16)
14 verbose stack     at emitTwo (events.js:87:13)
14 verbose stack     at EventEmitter.emit (events.js:172:7)
14 verbose stack     at ChildProcess.<anonymous> (/usr/local/lib/node_modules/npm/lib/utils/spawn.js:24:14)
14 verbose stack     at emitTwo (events.js:87:13)
14 verbose stack     at ChildProcess.emit (events.js:172:7)
14 verbose stack     at maybeClose (internal/child_process.js:818:16)
14 verbose stack     at Process.ChildProcess._handle.onexit (internal/child_process.js:211:5)
15 verbose pkgid vanga@0.0.1
16 verbose cwd /Users/ikuznecov/projects/vanga
17 error Darwin 15.2.0
18 error argv "/usr/local/Cellar/node/5.3.0/bin/node" "/usr/local/bin/npm" "run" "watch"
19 error node v5.3.0
20 error npm  v3.3.12
21 error code ELIFECYCLE
22 error vanga@0.0.1 watch: `NODE_ENV=production babel base.es6.js --watch > base.js`
22 error Exit status 2
23 error Failed at the vanga@0.0.1 watch script 'NODE_ENV=production babel base.es6.js --watch > base.js'.
23 error Make sure you have the latest version of node.js and npm installed.
23 error If you do, this is most likely a problem with the vanga package,
23 error not with npm itself.
23 error Tell the author that this fails on your system:
23 error     NODE_ENV=production babel base.es6.js --watch > base.js
23 error You can get their info via:
23 error     npm owner ls vanga
23 error There is likely additional logging output above.
24 verbose exit [ 1, true ]
